<?xml version="1.0" encoding="UTF-8"?>
<!-- Generated by org.testng.reporters.JUnitXMLReporter -->
<testsuite ignored="0" hostname="C02X90AFH7VF.local" failures="1" tests="1" name="Default test" time="34.839" errors="0" timestamp="2023-05-05T14:42:02 MYT">
  <testcase classname="io.cucumber.testng.AbstractTestNGCucumberTests" name="runScenario" time="21.455">
    <failure type="java.lang.ArrayIndexOutOfBoundsException" message="Index 1 out of bounds for length 1">
      <![CDATA[java.lang.ArrayIndexOutOfBoundsException: Index 1 out of bounds for length 1
at com.qa.pages.BasePage.selectDateFromCalendar(BasePage.java:137)
at com.qa.pages.TransferToOtherAcctAtHLBCAMPage.selectDate(TransferToOtherAcctAtHLBCAMPage.java:131)
at com.qa.pages.BasePage.selectDateFromCalendar(BasePage.java:139)
at com.qa.pages.TransferToOtherAcctAtHLBCAMPage.selectDate(TransferToOtherAcctAtHLBCAMPage.java:131)
at com.qa.stepDef.S015_Transfer2StepDef.selectTheDateInTransferToOtherAccountAtHLBCAMDetailsEntrySection(S015_Transfer2StepDef.java:70)
at ✽.Select the Date in Transfer to Other Account at HLBCAM - Details entry section(file:///Users/tvish/eclipse-workspace/KH.RIB.HLB/src/test/resources/Features/S015_Transfer2.feature:97)
]]>
    </failure>
  </testcase> <!-- runScenario -->
</testsuite> <!-- Default test -->
