<?xml version="1.0" encoding="UTF-8"?>
<!-- Generated by org.testng.reporters.JUnitXMLReporter -->
<testsuite ignored="0" hostname="C02X90AFH7VF.local" failures="0" tests="2" name="Default test" time="55.591" errors="0" timestamp="2023-03-31T09:59:06 MYT">
  <testcase classname="io.cucumber.testng.AbstractTestNGCucumberTests" name="runScenario" time="37.25"/>
  <testcase classname="io.cucumber.testng.AbstractTestNGCucumberTests" name="runScenario" time="17.312"/>
</testsuite> <!-- Default test -->
