<?xml version="1.0" encoding="UTF-8"?>
<testsuite xmlns:xsi="http://www.w3.org/2001/XMLSchema-instance" xsi:noNamespaceSchemaLocation="https://maven.apache.org/surefire/maven-surefire-plugin/xsd/surefire-test-report-3.0.xsd" version="3.0" name="TestSuite" time="47.491" tests="1" errors="0" skipped="0" failures="0">
  <properties>
[...]
</properties>
  <testcase name="runScenario[&quot;S027_TC06_Verify Close Account (3rd Party HLB Account Transfer) screen&quot;, &quot;S027_ Esaver feature - Close Account&quot;](1)" classname="com.qa.testRunners.MyTestNGRunnerTest" time="33.084">
    <system-out><![CDATA[
@TEST
Scenario Outline: S027_TC06_Verify Close Account (3rd Party HLB Account Transfer) screen                                  # src/test/resources/Features/S027_Esaver5.feature:148
  Given I m logged in                                                                                                     # com.qa.stepDef.S002_LogoutStepDef.iMLoggedIn()
  And I m navigated to E-Saver Close Account screen                                                                       # com.qa.stepDef.S027_Esaver5StepDef.iMNavigatedToESaverCloseAccountScreen()
  When I select the Account Number "0" in E-Saver Close Account - Enter Details Section                                   # com.qa.stepDef.S027_Esaver5StepDef.iSelectTheAccountNumberInESaverCloseAccountEnterDetailsSection(java.lang.String)
  And I select the Reason for Closing "Interest Rate" in E-Saver Close Account - Enter Details Section                    # com.qa.stepDef.S027_Esaver5StepDef.iSelectTheReasonForClosingInESaverCloseAccountEnterDetailsSection(java.lang.String)
  And I select the Transfer Type "3rd Party HLB Account Transfer" in E-Saver Close Account - Enter Details Section        # com.qa.stepDef.S027_Esaver5StepDef.iSelectTheTransferTypeInESaverCloseAccountEnterDetailsSection(java.lang.String)
  Then Verify above specified fields are displayed in  E-Saver Close Account - Enter Details Section third party transfer # com.qa.stepDef.S027_Esaver5StepDef.verifyAboveSpecifiedFieldsAreDisplayedInESaverCloseAccountEnterDetailsSectionThirdPartyTransfer()
]]></system-out>
    <system-err><![CDATA[SLF4J: No SLF4J providers were found.
SLF4J: Defaulting to no-operation (NOP) logger implementation
SLF4J: See https://www.slf4j.org/codes.html#noProviders for further details.
Starting ChromeDriver 113.0.5672.63 (0e1a4471d5ae5bf128b1bd8f4d627c8cbd55f70c-refs/branch-heads/5672@{#912}) on port 16278
Only local connections are allowed.
Please see https://chromedriver.chromium.org/security-considerations for suggestions on keeping ChromeDriver safe.
ChromeDriver was started successfully.
May 23, 2023 2:42:36 PM org.openqa.selenium.devtools.CdpVersionFinder findNearestMatch
WARNING: Unable to find an exact match for CDP version 113, so returning the closest version found: 111
]]></system-err>
  </testcase>
</testsuite>