<?xml version="1.0" encoding="UTF-8"?>
<testsuite xmlns:xsi="http://www.w3.org/2001/XMLSchema-instance" xsi:noNamespaceSchemaLocation="https://maven.apache.org/surefire/maven-surefire-plugin/xsd/surefire-test-report-3.0.xsd" version="3.0" name="TestSuite" time="115.822" tests="2" errors="0" skipped="0" failures="1">
  <properties>
[...]
</properties>
  <testcase name="runScenario[&quot;Login with valid username and valid password&quot;, &quot;Login&quot;](1)" classname="com.qa.testRunners.MyTestNGRunnerTest" time="84.497">
    <failure message="Expected condition failed: waiting for visibility of Proxy element for: DefaultElementLocator &apos;By.xpath: //span[normalize-space()=&apos;Home&apos;]&apos; (tried for 30 second(s) with 500 milliseconds interval)" type="org.openqa.selenium.TimeoutException"><![CDATA[org.openqa.selenium.TimeoutException: Expected condition failed: waiting for visibility of Proxy element for: DefaultElementLocator 'By.xpath: //span[normalize-space()='Home']' (tried for 30 second(s) with 500 milliseconds interval)
Caused by: org.openqa.selenium.NoSuchElementException: 
Unable to locate element: //span[normalize-space()='Home']
For documentation on this error, please visit: https://selenium.dev/exceptions/#no_such_element
Build info: version: '4.8.3', revision: 'e5e76298c3'
System info: os.name: 'Mac OS X', os.arch: 'x86_64', os.version: '12.6.1', java.version: '11.0.18'
Driver info: org.openqa.selenium.firefox.FirefoxDriver
Command: [ef994b15-8f2b-41c0-a3b8-aebd462b2025, findElement {using=xpath, value=//span[normalize-space()='Home']}]
Capabilities {acceptInsecureCerts: true, browserName: firefox, browserVersion: 111.0.1, moz:accessibilityChecks: false, moz:buildID: 20230321111920, moz:debuggerAddress: 127.0.0.1:9606, moz:geckodriverVersion: 0.32.2, moz:headless: false, moz:platformVersion: 21.6.0, moz:processID: 59737, moz:profile: /var/folders/ht/qsn0db9d6j5..., moz:shutdownTimeout: 60000, moz:useNonSpecCompliantPointerOrigin: false, moz:webdriverClick: true, moz:windowless: false, pageLoadStrategy: normal, platformName: MAC, proxy: Proxy(), se:cdp: ws://127.0.0.1:9606/devtool..., se:cdpVersion: 85.0, setWindowRect: true, strictFileInteractability: false, timeouts: {implicit: 0, pageLoad: 300000, script: 30000}, unhandledPromptBehavior: dismiss and notify}
Session ID: ef994b15-8f2b-41c0-a3b8-aebd462b2025
]]></failure>
    <system-out><![CDATA[
Scenario Outline: Login with valid username and valid password       # src/test/resources/Features/Login.feature:11
  Given I m on the login page                                        # com.qa.stepDef.LoginStepDef.iMOnTheLoginPage()
  When I enter login username "connect112" and password "Connect321" # com.qa.stepDef.LoginStepDef.iEnterLoginUsernameAndPassword(java.lang.String,java.lang.String)
  And I press on login button                                        # com.qa.stepDef.LoginStepDef.iPressOnLoginButton()
  Then login should be successful                                    # com.qa.stepDef.LoginStepDef.loginShouldBeSuccessful()
      org.openqa.selenium.TimeoutException: Expected condition failed: waiting for visibility of Proxy element for: DefaultElementLocator 'By.xpath: //span[normalize-space()='Home']' (tried for 30 second(s) with 500 milliseconds interval)
	at org.openqa.selenium.support.ui.WebDriverWait.timeoutException(WebDriverWait.java:87)
	at org.openqa.selenium.support.ui.FluentWait.until(FluentWait.java:231)
	at com.qa.pages.BasePage.waitForVisibility(BasePage.java:44)
	at com.qa.pages.BasePage.isDisplayed(BasePage.java:91)
	at com.qa.pages.HomePage.verifyHomeMenuIsDisplayed(HomePage.java:20)
	at com.qa.stepDef.LoginStepDef.loginShouldBeSuccessful(LoginStepDef.java:50)
	at ✽.login should be successful(file:///Users/tvish/eclipse-workspace/KH.RIB.HLB/src/test/resources/Features/Login.feature:7)
Caused by: org.openqa.selenium.NoSuchElementException: Unable to locate element: //span[normalize-space()='Home']
For documentation on this error, please visit: https://selenium.dev/exceptions/#no_such_element
Build info: version: '4.8.3', revision: 'e5e76298c3'
System info: os.name: 'Mac OS X', os.arch: 'x86_64', os.version: '12.6.1', java.version: '11.0.18'
Driver info: org.openqa.selenium.firefox.FirefoxDriver
Command: [ef994b15-8f2b-41c0-a3b8-aebd462b2025, findElement {using=xpath, value=//span[normalize-space()='Home']}]
Capabilities {acceptInsecureCerts: true, browserName: firefox, browserVersion: 111.0.1, moz:accessibilityChecks: false, moz:buildID: 20230321111920, moz:debuggerAddress: 127.0.0.1:9606, moz:geckodriverVersion: 0.32.2, moz:headless: false, moz:platformVersion: 21.6.0, moz:processID: 59737, moz:profile: /var/folders/ht/qsn0db9d6j5..., moz:shutdownTimeout: 60000, moz:useNonSpecCompliantPointerOrigin: false, moz:webdriverClick: true, moz:windowless: false, pageLoadStrategy: normal, platformName: MAC, proxy: Proxy(), se:cdp: ws://127.0.0.1:9606/devtool..., se:cdpVersion: 85.0, setWindowRect: true, strictFileInteractability: false, timeouts: {implicit: 0, pageLoad: 300000, script: 30000}, unhandledPromptBehavior: dismiss and notify}
Session ID: ef994b15-8f2b-41c0-a3b8-aebd462b2025
	at jdk.internal.reflect.GeneratedConstructorAccessor14.newInstance(Unknown Source)
	at java.base/jdk.internal.reflect.DelegatingConstructorAccessorImpl.newInstance(DelegatingConstructorAccessorImpl.java:45)
	at java.base/java.lang.reflect.Constructor.newInstance(Constructor.java:490)
	at org.openqa.selenium.remote.codec.w3c.W3CHttpResponseCodec.createException(W3CHttpResponseCodec.java:200)
	at org.openqa.selenium.remote.codec.w3c.W3CHttpResponseCodec.decode(W3CHttpResponseCodec.java:133)
	at org.openqa.selenium.remote.codec.w3c.W3CHttpResponseCodec.decode(W3CHttpResponseCodec.java:53)
	at org.openqa.selenium.remote.HttpCommandExecutor.execute(HttpCommandExecutor.java:193)
	at org.openqa.selenium.remote.service.DriverCommandExecutor.invokeExecute(DriverCommandExecutor.java:183)
	at org.openqa.selenium.remote.service.DriverCommandExecutor.execute(DriverCommandExecutor.java:158)
	at org.openqa.selenium.remote.RemoteWebDriver.execute(RemoteWebDriver.java:543)
	at org.openqa.selenium.remote.ElementLocation$ElementFinder$2.findElement(ElementLocation.java:162)
	at org.openqa.selenium.remote.ElementLocation.findElement(ElementLocation.java:60)
	at org.openqa.selenium.remote.RemoteWebDriver.findElement(RemoteWebDriver.java:352)
	at org.openqa.selenium.remote.RemoteWebDriver.findElement(RemoteWebDriver.java:344)
	at org.openqa.selenium.support.pagefactory.DefaultElementLocator.findElement(DefaultElementLocator.java:70)
	at org.openqa.selenium.support.pagefactory.internal.LocatingElementHandler.invoke(LocatingElementHandler.java:39)
	at com.sun.proxy.$Proxy28.isDisplayed(Unknown Source)
	at org.openqa.selenium.support.ui.ExpectedConditions.elementIfVisible(ExpectedConditions.java:307)
	at org.openqa.selenium.support.ui.ExpectedConditions.access$000(ExpectedConditions.java:40)
	at org.openqa.selenium.support.ui.ExpectedConditions$10.apply(ExpectedConditions.java:293)
	at org.openqa.selenium.support.ui.ExpectedConditions$10.apply(ExpectedConditions.java:290)
	at org.openqa.selenium.support.ui.FluentWait.until(FluentWait.java:208)
	at com.qa.pages.BasePage.waitForVisibility(BasePage.java:44)
	at com.qa.pages.BasePage.isDisplayed(BasePage.java:91)
	at com.qa.pages.HomePage.verifyHomeMenuIsDisplayed(HomePage.java:20)
	at com.qa.stepDef.LoginStepDef.loginShouldBeSuccessful(LoginStepDef.java:50)
	at java.base/jdk.internal.reflect.NativeMethodAccessorImpl.invoke0(Native Method)
	at java.base/jdk.internal.reflect.NativeMethodAccessorImpl.invoke(NativeMethodAccessorImpl.java:62)
	at java.base/jdk.internal.reflect.DelegatingMethodAccessorImpl.invoke(DelegatingMethodAccessorImpl.java:43)
	at java.base/java.lang.reflect.Method.invoke(Method.java:566)
	at io.cucumber.java.Invoker.doInvoke(Invoker.java:66)
	at io.cucumber.java.Invoker.invoke(Invoker.java:24)
	at io.cucumber.java.AbstractGlueDefinition.invokeMethod(AbstractGlueDefinition.java:47)
	at io.cucumber.java.JavaStepDefinition.execute(JavaStepDefinition.java:29)
	at io.cucumber.core.runner.CoreStepDefinition.execute(CoreStepDefinition.java:66)
	at io.cucumber.core.runner.PickleStepDefinitionMatch.runStep(PickleStepDefinitionMatch.java:63)
	at io.cucumber.core.runner.ExecutionMode$1.execute(ExecutionMode.java:10)
	at io.cucumber.core.runner.TestStep.executeStep(TestStep.java:84)
	at io.cucumber.core.runner.TestStep.run(TestStep.java:56)
	at io.cucumber.core.runner.PickleStepTestStep.run(PickleStepTestStep.java:51)
	at io.cucumber.core.runner.TestCase.run(TestCase.java:84)
	at io.cucumber.core.runner.Runner.runPickle(Runner.java:75)
	at io.cucumber.testng.TestNGCucumberRunner.lambda$runScenario$1(TestNGCucumberRunner.java:132)
	at io.cucumber.core.runtime.CucumberExecutionContext.lambda$runTestCase$5(CucumberExecutionContext.java:130)
	at io.cucumber.core.runtime.RethrowingThrowableCollector.executeAndThrow(RethrowingThrowableCollector.java:23)
	at io.cucumber.core.runtime.CucumberExecutionContext.runTestCase(CucumberExecutionContext.java:130)
	at io.cucumber.testng.TestNGCucumberRunner.runScenario(TestNGCucumberRunner.java:129)
	at io.cucumber.testng.AbstractTestNGCucumberTests.runScenario(AbstractTestNGCucumberTests.java:35)
	at java.base/jdk.internal.reflect.NativeMethodAccessorImpl.invoke0(Native Method)
	at java.base/jdk.internal.reflect.NativeMethodAccessorImpl.invoke(NativeMethodAccessorImpl.java:62)
	at java.base/jdk.internal.reflect.DelegatingMethodAccessorImpl.invoke(DelegatingMethodAccessorImpl.java:43)
	at java.base/java.lang.reflect.Method.invoke(Method.java:566)
	at org.testng.internal.invokers.MethodInvocationHelper.invokeMethod(MethodInvocationHelper.java:139)
	at org.testng.internal.invokers.TestInvoker.invokeMethod(TestInvoker.java:677)
	at org.testng.internal.invokers.TestInvoker.invokeTestMethod(TestInvoker.java:221)
	at org.testng.internal.invokers.TestMethodWithDataProviderMethodWorker.call(TestMethodWithDataProviderMethodWorker.java:80)
	at org.testng.internal.invokers.TestMethodWithDataProviderMethodWorker.call(TestMethodWithDataProviderMethodWorker.java:17)
	at java.base/java.util.concurrent.FutureTask.run(FutureTask.java:264)
	at java.base/java.util.concurrent.Executors$RunnableAdapter.call(Executors.java:515)
	at java.base/java.util.concurrent.FutureTask.run(FutureTask.java:264)
	at java.base/java.util.concurrent.ThreadPoolExecutor.runWorker(ThreadPoolExecutor.java:1128)
	at java.base/java.util.concurrent.ThreadPoolExecutor$Worker.run(ThreadPoolExecutor.java:628)
	at java.base/java.lang.Thread.run(Thread.java:834)


    Embedding Failed Test Screenshot [image/png 835327 bytes]

]]></system-out>
    <system-err><![CDATA[SLF4J: No SLF4J providers were found.
SLF4J: Defaulting to no-operation (NOP) logger implementation
SLF4J: See https://www.slf4j.org/codes.html#noProviders for further details.
1680248261370	geckodriver	INFO	Listening on 127.0.0.1:6090
1680248262105	mozrunner::runner	INFO	Running command: "/Applications/Firefox.app/Contents/MacOS/firefox-bin" "--marionette" "--remote-debugging-port" "9606" "--re ... //[::1]:9606/" "-foreground" "-no-remote" "-profile" "/var/folders/ht/qsn0db9d6j5_4v9hr0gs0q1w3_z6m1/T/rust_mozprofileZfZq8l"
console.warn: services.settings: Ignoring preference override of remote settings server
console.warn: services.settings: Allow by setting MOZ_REMOTE_SETTINGS_DEVTOOLS=1 in the environment
1680248272519	Marionette	INFO	Marionette enabled
1680248274302	Marionette	INFO	Listening on port 52813
Read port: 52813
2023-03-31 15:37:54.939 plugin-container[59742:738921] nil host used in call to allowsSpecificHTTPSCertificateForHost
2023-03-31 15:37:54.939 plugin-container[59742:738921] nil host used in call to allowsAnyHTTPSCertificateForHost:
console.error: "Warning: unrecognized command line flag -remote-allow-hosts\n"
console.error: "Warning: unrecognized command line flag -remote-allow-origins\n"
2023-03-31 15:37:55.435 plugin-container[59742:738921] nil host used in call to allowsSpecificHTTPSCertificateForHost
2023-03-31 15:37:55.435 plugin-container[59742:738921] nil host used in call to allowsAnyHTTPSCertificateForHost:
2023-03-31 15:37:55.436 plugin-container[59742:738945] nil host used in call to allowsSpecificHTTPSCertificateForHost
2023-03-31 15:37:55.436 plugin-container[59742:738945] nil host used in call to allowsAnyHTTPSCertificateForHost:
Read port: 52813
WebDriver BiDi listening on ws://127.0.0.1:9606
1680248278053	RemoteAgent	WARN	TLS certificate errors will be ignored for this session
console.warn: SearchSettings: "get: No settings file exists, new profile?" (new NotFoundError("Could not open the file at /var/folders/ht/qsn0db9d6j5_4v9hr0gs0q1w3_z6m1/T/rust_mozprofileZfZq8l/search.json.mozlz4", (void 0)))
2023-03-31 07:38:14.065 plugin-container[59753:739253] nil host used in call to allowsSpecificHTTPSCertificateForHost
2023-03-31 07:38:14.065 plugin-container[59753:739253] nil host used in call to allowsAnyHTTPSCertificateForHost:
2023-03-31 07:38:14.108 plugin-container[59753:739253] nil host used in call to allowsSpecificHTTPSCertificateForHost
2023-03-31 07:38:14.108 plugin-container[59753:739253] nil host used in call to allowsAnyHTTPSCertificateForHost:
2023-03-31 07:38:14.111 plugin-container[59753:739276] nil host used in call to allowsSpecificHTTPSCertificateForHost
2023-03-31 07:38:14.111 plugin-container[59753:739276] nil host used in call to allowsAnyHTTPSCertificateForHost:
DevTools listening on ws://127.0.0.1:9606/devtools/browser/8880e031-da22-41bc-bdad-e2e899d6e340
console.warn: LoginRecipes: "Falling back to a synchronous message for: https://t1uat.hongleongconnect.com.kh."
console.warn: LoginRecipes: "Falling back to a synchronous message for: https://t1uat.hongleongconnect.com.kh."
1680248334127	RemoteAgent	INFO	Perform WebSocket upgrade for incoming connection from 127.0.0.1:52867
1680248334405	CDP	WARN	Invalid browser preferences for CDP. Set "fission.webContentIsolationStrategy"to 0 and "fission.bfcacheInParent" to false before Firefox starts.
1680248334606	Marionette	INFO	Stopped listening on port 52813
]]></system-err>
  </testcase>
  <testcase name="runScenario[&quot;Logout after successful login&quot;, &quot;Logout&quot;](2)" classname="com.qa.testRunners.MyTestNGRunnerTest" time="27.99">
    <system-out><![CDATA[
Scenario: Logout after successful login   # src/test/resources/Features/Logout.feature:3
  Given I m logged in                     # com.qa.stepDef.LogoutStepDef.iMLoggedIn()
  When I click on Logout button           # com.qa.stepDef.LogoutStepDef.iClickOnLogoutButton()
  Then I should be loggedout successfully # com.qa.stepDef.LogoutStepDef.iShouldBeLoggedoutSuccessfully(io.cucumber.datatable.DataTable)
    | resultMessage                     |
    | You have successfully logged off. |
]]></system-out>
    <system-err><![CDATA[1680248338654	geckodriver	INFO	Listening on 127.0.0.1:26586
1680248338777	mozrunner::runner	INFO	Running command: "/Applications/Firefox.app/Contents/MacOS/firefox-bin" "--marionette" "--remote-debugging-port" "28450" "--r ... /[::1]:28450/" "-foreground" "-no-remote" "-profile" "/var/folders/ht/qsn0db9d6j5_4v9hr0gs0q1w3_z6m1/T/rust_mozprofile777LCb"
console.warn: services.settings: Ignoring preference override of remote settings server
console.warn: services.settings: Allow by setting MOZ_REMOTE_SETTINGS_DEVTOOLS=1 in the environment
1680248348067	Marionette	INFO	Marionette enabled
1680248348677	Marionette	INFO	Listening on port 52876
console.error: "Warning: unrecognized command line flag -remote-allow-hosts\n"
console.error: "Warning: unrecognized command line flag -remote-allow-origins\n"
2023-03-31 15:39:08.721 plugin-container[59779:739896] nil host used in call to allowsSpecificHTTPSCertificateForHost
2023-03-31 15:39:08.722 plugin-container[59779:739896] nil host used in call to allowsAnyHTTPSCertificateForHost:
Read port: 52876
WebDriver BiDi listening on ws://127.0.0.1:28450
1680248349049	RemoteAgent	WARN	TLS certificate errors will be ignored for this session
2023-03-31 15:39:09.153 plugin-container[59779:739896] nil host used in call to allowsSpecificHTTPSCertificateForHost
2023-03-31 15:39:09.153 plugin-container[59779:739896] nil host used in call to allowsAnyHTTPSCertificateForHost:
2023-03-31 15:39:09.154 plugin-container[59779:739902] nil host used in call to allowsSpecificHTTPSCertificateForHost
2023-03-31 15:39:09.154 plugin-container[59779:739902] nil host used in call to allowsAnyHTTPSCertificateForHost:
console.warn: SearchSettings: "get: No settings file exists, new profile?" (new NotFoundError("Could not open the file at /var/folders/ht/qsn0db9d6j5_4v9hr0gs0q1w3_z6m1/T/rust_mozprofile777LCb/search.json.mozlz4", (void 0)))
DevTools listening on ws://127.0.0.1:28450/devtools/browser/28f23f1c-59ab-48d4-a097-9be71b0ac609
2023-03-31 07:39:11.421 plugin-container[59783:740099] nil host used in call to allowsSpecificHTTPSCertificateForHost
2023-03-31 07:39:11.421 plugin-container[59783:740099] nil host used in call to allowsAnyHTTPSCertificateForHost:
2023-03-31 07:39:11.437 plugin-container[59783:740099] nil host used in call to allowsSpecificHTTPSCertificateForHost
2023-03-31 07:39:11.437 plugin-container[59783:740099] nil host used in call to allowsAnyHTTPSCertificateForHost:
2023-03-31 07:39:11.440 plugin-container[59783:740104] nil host used in call to allowsSpecificHTTPSCertificateForHost
2023-03-31 07:39:11.440 plugin-container[59783:740104] nil host used in call to allowsAnyHTTPSCertificateForHost:
console.warn: LoginRecipes: "Falling back to a synchronous message for: https://t1uat.hongleongconnect.com.kh."
console.warn: LoginRecipes: "Falling back to a synchronous message for: https://t1uat.hongleongconnect.com.kh."
JavaScript warning: https://t1uat.hongleongconnect.com.kh/rib/js/moment.min.js, line 6: unreachable code after return statement
1680248364818	RemoteAgent	INFO	Perform WebSocket upgrade for incoming connection from 127.0.0.1:52917
1680248364821	CDP	WARN	Invalid browser preferences for CDP. Set "fission.webContentIsolationStrategy"to 0 and "fission.bfcacheInParent" to false before Firefox starts.
1680248364834	Marionette	INFO	Stopped listening on port 52876
WARNING: A blocker encountered an error while we were waiting.
          Blocker:  Waiting for ping task
          Phase: TelemetryController: Waiting for pending ping activity
          State: (none)
WARNING: Error: Phase "profile-before-change" is finished, it is too late to register completion condition "OS.File: flush I/O queued before profileBeforeChange"
WARNING: addBlocker@resource://gre/modules/AsyncShutdown.sys.mjs:727:15
addBlocker@resource://gre/modules/AsyncShutdown.sys.mjs:523:26
addBlocker@resource://gre/modules/AsyncShutdown.sys.mjs:458:15
setupShutdown@resource://gre/modules/osfile/osfile_async_front.jsm:1548:28
@resource://gre/modules/osfile/osfile_async_front.jsm:1568:16
@resource://gre/modules/osfile.jsm:12:30
@resource://gre/modules/TelemetryStorage.sys.mjs:10:28
_checkPendingPings@resource://gre/modules/TelemetrySend.sys.mjs:863:17
setup@resource://gre/modules/TelemetrySend.sys.mjs:803:18
setup@resource://gre/modules/TelemetrySend.sys.mjs:241:30
setupTelemetry/this._delayedInitTask<@resource://gre/modules/TelemetryControllerParent.sys.mjs:828:36
observe@resource://gre/modules/AsyncShutdown.sys.mjs:576:16

console.error: "TelemetryScheduler.shutdown - Already shut down"
WARNING: A blocker encountered an error while we were waiting.
          Blocker:  Waiting for ping task
          Phase: TelemetryController: Waiting for pending ping activity
          State: (none)
WARNING: Error: Phase "profile-before-change" is finished, it is too late to register completion condition "OS.File: flush I/O queued before profileBeforeChange"
WARNING: addBlocker@resource://gre/modules/AsyncShutdown.sys.mjs:727:15
addBlocker@resource://gre/modules/AsyncShutdown.sys.mjs:523:26
addBlocker@resource://gre/modules/AsyncShutdown.sys.mjs:458:15
setupShutdown@resource://gre/modules/osfile/osfile_async_front.jsm:1548:28
@resource://gre/modules/osfile/osfile_async_front.jsm:1568:16
@resource://gre/modules/osfile.jsm:12:30
@resource://gre/modules/TelemetryStorage.sys.mjs:10:28
_checkPendingPings@resource://gre/modulesJa/vaTScreiplt ereromr: eretsorurcey://Sgre/modueles/nAsdy.nsycsS.hmujtsd:o8w6n3.:s1y7s
.smejtsu,p @lirne 7es2o7u:r cEer:r/o/rg:r eP/hmaosdeu l"epsr/oTfeilleem-ebterfyoSrende.-scyhs.amnjgse:"8 03i:s1 8fi
nseitsuhepd@,r iets oiusr ceto:o/ /late to register completion condition "OS.File: flush I/O queued before profileBeforeChange"
JavaScript error: resource://gre/modules/AsyncShutdown.sys.mjs, line 727: Error: Phase "profile-before-change" is finished, it is too late to register completion condition "OS.File: flush I/O queued before profileBeforeChange"
JavaScript error:g rree/smooudruclee://sg/rTee/lmeodules/AsyncShutdown.sys.mjs, line 727: Error: Phase "profile-before-change" is finishmede,t ryiSt einsd .tsoyo sl.amtjse: t2o4 1r:egister completion condition "OS.Fi3l0e
:s eftulpuTseh lIem/eOt rqyu/etuheids .be_dfeolraey perdIonfiitleTBasekf<o@rreCeshoaunge"
rcJea:v/a/Sgcrrei/pmto deurlreosr/:T erleesmoeutrrcyeC:o/n/tgrroel/lmeordPuarleenst/.AsyncShutdsoywsn..msjyss:.8m2j8s:,3 6l
ionbes e7r2v7e:@ reEsrourrocre:: /P/ghraes/em o"duplroefsi/lAsey-nbcSehfuorted-chaongwen".s yiss. mfijnsishe:d,5 7i6t: 1i6s
 
tWoAoR NlIaNG:t eA  tob lroecgkiesrt eerncountered an error w hciomlep lweet iwoner ec ownadiittiinogn. "
 O S . F il  e :   fBllusoch kIe/rO:  q uWeauietdi nbge ffoorre  ppirngo ftialsekB
e f o r eChange"
JavaScript error: resource://gre/modules/AsyncShutdown.sys.mjs, line 727: Error: Phase "profile-before-change" is finished, it is too late to register completion condition "OS.File: flush I/O queued before profileBeforeChange"
Jav aS cript error: resource: / / g rPeh/amsoed: Tuelleesm/AetsryynCcoShnturtdoolwlner.:s ysW.amijtisn, gl ifnor ep e7n2d7i:n gE rprionrg:  Pahcatsievi "tpyr
o f  il e -  b e f oSrtea-tceh:a ng(none)
WAReN"I NiGs:  Efrirnoirs:h ePdh,a siet  "pirso ftioloe -lbaetfeo rteo- crheagnigset"e is finir completion condsithieodn,  "iOtS .iFsi lteo:o  fllautseh  tIo/ Or eqguiesuteedr  bceofmoprlee profileBeforeChange"
tion condition "OS.File: flush I/O queued before profileBeforeChange"
WARNING: addBlocker@resource://gre/modules/AsyncShutdown.sys.mjs:727:15
addBlocker@resource://gre/modules/AsyncShutdown.sys.mjs:523:26
addBlocker@resource://gre/modules/AsyncShutdown.sys.mjs:458:15
setupShutdown@resource://gre/modules/osfile/osfile_async_front.jsm:1548:28
@resource://gre/modules/osfile/osfile_async_front.jsm:1568:16
@resource://gre/modules/osfile.jsm:12:30
@resource://gre/modules/TelemetryStorage.sys.mjs:10:28
_checkPendingPings@resource://gre/modules/TelemetrySend.sys.mjs:863:17
setup@resource://gre/modules/TelemetrySend.sys.mjs:803:18
setup@resource://gre/modules/TelemetrySend.sys.mjs:241:30
setupTelemetry/this._delayedInitTask<@resource://gre/modules/TelemetryControllerParent.sys.mjs:828:36
observe@resource://gre/modules/AsyncShutdown.sys.mjs:576:16

WARNING: A blocker encountered an error while we were waiting.
          Blocker:  TelemetryController: shutting down
          Phase: profile-before-change-telemetry
          State: Error getting state: Error: Phase "profile-before-change" is finished, it is too late to register completion condition "OS.File: flush I/O queued before profileBeforeChange" at addBlocker@resource://gre/modules/AsyncShutdown.sys.mjs:727:15
addBlocker@resource://gre/modules/AsyncShutdown.sys.mjs:523:26
addBlocker@resource://gre/modules/AsyncShutdown.sys.mjs:458:15
setupShutdown@resource://gre/modules/osfile/osfile_async_front.jsm:1548:28
@resource://gre/modules/osfile/osfile_async_front.jsm:1568:16
@resource://gre/modules/osfile.jsm:12:30
@resource://gre/modules/TelemetryStorage.sys.mjs:10:28
_checkPendingPings@resource://gre/modules/TelemetrySend.sys.mjs:863:17
setup@resource://gre/modules/TelemetrySend.sys.mjs:803:18
setup@resource://gre/modules/TelemetrySend.sys.mjs:241:30
setupTelemetry/this._delayedInitTask<@resource://gre/modules/TelemetryControllerParent.sys.mjs:828:36
observe@resource://gre/modules/AsyncShutdown.sys.mjs:576:16

WARNING: Error: Phase "profile-before-change" is finished, it is too late to register completion condition "OS.File: flush I/O queued before profileBeforeChange"
WARNING: addBlocker@resource://gre/modules/AsyncShutdown.sys.mjs:727:15
addBlocker@resource://gre/modules/AsyncShutdown.sys.mjs:523:26
addBlocker@resource://gre/modules/AsyncShutdown.sys.mjs:458:15
setupShutdown@resource://gre/modules/osfile/osfile_async_front.jsm:1548:28
@resource://gre/modules/osfile/osfile_async_front.jsm:1568:16
@resource://gre/modules/osfile.jsm:12:30
@resource://gre/modules/TelemetryStorage.sys.mjs:10:28
_checkPendingPings@resource://gre/modules/TelemetrySend.sys.mjs:863:17
setup@resource://gre/modules/TelemetrySend.sys.mjs:803:18
setup@resource://gre/modules/TelemetrySend.sys.mjs:241:30
setupTelemetry/this._delayedInitTask<@resource://gre/modules/TelemetryControllerParent.sys.mjs:828:36
observe@resource://gre/modules/AsyncShutdown.sys.mjs:576:16

]]></system-err>
  </testcase>
</testsuite>