<?xml version="1.0" encoding="UTF-8"?>
<testng-results ignored="0" total="2" passed="2" failed="0" skipped="0">
  <reporter-output>
  </reporter-output>
  <suite started-at="2023-03-31T09:58:11 MYT" name="Default suite" finished-at="2023-03-31T09:59:06 MYT" duration-ms="55591">
    <groups>
      <group name="cucumber">
        <method signature="AbstractTestNGCucumberTests.runScenario(io.cucumber.testng.PickleWrapper,io.cucumber.testng.FeatureWrapper)[pri:0, instance:com.qa.testRunners.MyTestNGTestRunner@79e4c792]" name="runScenario" class="io.cucumber.testng.AbstractTestNGCucumberTests"/>
      </group> <!-- cucumber -->
    </groups>
    <test started-at="2023-03-31T09:58:11 MYT" name="Default test" finished-at="2023-03-31T09:59:06 MYT" duration-ms="55591">
      <class name="com.qa.testRunners.MyTestNGTestRunner">
        <test-method is-config="true" signature="setUpClass(org.testng.ITestContext)[pri:0, instance:com.qa.testRunners.MyTestNGTestRunner@79e4c792]" started-at="2023-03-31T09:58:11 MYT" name="setUpClass" finished-at="2023-03-31T09:58:12 MYT" duration-ms="844" status="PASS">
          <params>
            <param index="0">
              <value>
                <![CDATA[org.testng.TestRunner@3120495d]]>
              </value>
            </param>
          </params>
          <reporter-output>
          </reporter-output>
        </test-method> <!-- setUpClass -->
        <test-method signature="runScenario(io.cucumber.testng.PickleWrapper,io.cucumber.testng.FeatureWrapper)[pri:0, instance:com.qa.testRunners.MyTestNGTestRunner@79e4c792]" started-at="2023-03-31T09:58:12 MYT" name="runScenario" description="Runs Cucumber Scenarios" data-provider="scenarios" finished-at="2023-03-31T09:58:49 MYT" duration-ms="37250" status="PASS">
          <params>
            <param index="0">
              <value>
                <![CDATA["Login with valid username and valid password"]]>
              </value>
            </param>
            <param index="1">
              <value>
                <![CDATA["Login"]]>
              </value>
            </param>
          </params>
          <reporter-output>
          </reporter-output>
        </test-method> <!-- runScenario -->
        <test-method signature="runScenario(io.cucumber.testng.PickleWrapper,io.cucumber.testng.FeatureWrapper)[pri:0, instance:com.qa.testRunners.MyTestNGTestRunner@79e4c792]" started-at="2023-03-31T09:58:49 MYT" name="runScenario" description="Runs Cucumber Scenarios" data-provider="scenarios" finished-at="2023-03-31T09:59:06 MYT" duration-ms="17312" status="PASS">
          <params>
            <param index="0">
              <value>
                <![CDATA["Logout after successful login"]]>
              </value>
            </param>
            <param index="1">
              <value>
                <![CDATA["Logout"]]>
              </value>
            </param>
          </params>
          <reporter-output>
          </reporter-output>
        </test-method> <!-- runScenario -->
        <test-method is-config="true" signature="tearDownClass()[pri:0, instance:com.qa.testRunners.MyTestNGTestRunner@79e4c792]" started-at="2023-03-31T09:59:06 MYT" name="tearDownClass" finished-at="2023-03-31T09:59:06 MYT" duration-ms="118" status="PASS">
          <reporter-output>
          </reporter-output>
        </test-method> <!-- tearDownClass -->
      </class> <!-- com.qa.testRunners.MyTestNGTestRunner -->
    </test> <!-- Default test -->
  </suite> <!-- Default suite -->
</testng-results>
