<?xml version="1.0" encoding="UTF-8"?>
<testng-results ignored="0" total="1" passed="0" failed="1" skipped="0">
  <reporter-output>
  </reporter-output>
  <suite started-at="2023-05-05T14:41:27 MYT" name="Default suite" finished-at="2023-05-05T14:42:02 MYT" duration-ms="34839">
    <groups>
      <group name="cucumber">
        <method signature="AbstractTestNGCucumberTests.runScenario(io.cucumber.testng.PickleWrapper,io.cucumber.testng.FeatureWrapper)[pri:0, instance:com.qa.testRunners.MyTestNGFailedReRunner@b83a9be]" name="runScenario" class="io.cucumber.testng.AbstractTestNGCucumberTests"/>
        <method signature="AbstractTestNGCucumberTests.runScenario(io.cucumber.testng.PickleWrapper,io.cucumber.testng.FeatureWrapper)[pri:0, instance:com.qa.testRunners.MyTestNGRunnerTest@7d3d101b]" name="runScenario" class="io.cucumber.testng.AbstractTestNGCucumberTests"/>
      </group> <!-- cucumber -->
    </groups>
    <test started-at="2023-05-05T14:41:27 MYT" name="Default test" finished-at="2023-05-05T14:42:02 MYT" duration-ms="34839">
      <class name="com.qa.testRunners.MyTestNGRunnerTest">
        <test-method is-config="true" signature="setUpClass(org.testng.ITestContext)[pri:0, instance:com.qa.testRunners.MyTestNGRunnerTest@7d3d101b]" started-at="2023-05-05T14:41:30 MYT" name="setUpClass" finished-at="2023-05-05T14:41:30 MYT" duration-ms="175" status="PASS">
          <params>
            <param index="0">
              <value>
                <![CDATA[org.testng.TestRunner@2aa6311a]]>
              </value>
            </param>
          </params>
          <reporter-output>
          </reporter-output>
        </test-method> <!-- setUpClass -->
        <test-method signature="runScenario(io.cucumber.testng.PickleWrapper,io.cucumber.testng.FeatureWrapper)[pri:0, instance:com.qa.testRunners.MyTestNGRunnerTest@7d3d101b]" started-at="2023-05-05T14:41:30 MYT" name="runScenario" description="Runs Cucumber Scenarios" data-provider="scenarios" finished-at="2023-05-05T14:41:52 MYT" duration-ms="21455" status="FAIL">
          <params>
            <param index="0">
              <value>
                <![CDATA["S015_TC03_Verify Transfer to Other Account at HLBCAM Acknowledgement(success) screen and Click Done button"]]>
              </value>
            </param>
            <param index="1">
              <value>
                <![CDATA["S015_Transfer - Transfer to Other Account at HLBCAM"]]>
              </value>
            </param>
          </params>
          <exception class="java.lang.ArrayIndexOutOfBoundsException">
            <message>
              <![CDATA[Index 1 out of bounds for length 1]]>
            </message>
            <full-stacktrace>
              <![CDATA[java.lang.ArrayIndexOutOfBoundsException: Index 1 out of bounds for length 1
at com.qa.pages.BasePage.selectDateFromCalendar(BasePage.java:137)
at com.qa.pages.TransferToOtherAcctAtHLBCAMPage.selectDate(TransferToOtherAcctAtHLBCAMPage.java:131)
at com.qa.pages.BasePage.selectDateFromCalendar(BasePage.java:139)
at com.qa.pages.TransferToOtherAcctAtHLBCAMPage.selectDate(TransferToOtherAcctAtHLBCAMPage.java:131)
at com.qa.stepDef.S015_Transfer2StepDef.selectTheDateInTransferToOtherAccountAtHLBCAMDetailsEntrySection(S015_Transfer2StepDef.java:70)
at ✽.Select the Date in Transfer to Other Account at HLBCAM - Details entry section(file:///Users/tvish/eclipse-workspace/KH.RIB.HLB/src/test/resources/Features/S015_Transfer2.feature:97)
]]>
            </full-stacktrace>
          </exception> <!-- java.lang.ArrayIndexOutOfBoundsException -->
          <reporter-output>
          </reporter-output>
        </test-method> <!-- runScenario -->
        <test-method is-config="true" signature="tearDownClass()[pri:0, instance:com.qa.testRunners.MyTestNGRunnerTest@7d3d101b]" started-at="2023-05-05T14:41:52 MYT" name="tearDownClass" finished-at="2023-05-05T14:42:02 MYT" duration-ms="10183" status="PASS">
          <reporter-output>
          </reporter-output>
        </test-method> <!-- tearDownClass -->
      </class> <!-- com.qa.testRunners.MyTestNGRunnerTest -->
      <class name="com.qa.testRunners.MyTestNGFailedReRunner">
        <test-method is-config="true" signature="setUpClass(org.testng.ITestContext)[pri:0, instance:com.qa.testRunners.MyTestNGFailedReRunner@b83a9be]" started-at="2023-05-05T14:41:27 MYT" name="setUpClass" finished-at="2023-05-05T14:41:27 MYT" duration-ms="454" status="PASS">
          <params>
            <param index="0">
              <value>
                <![CDATA[org.testng.TestRunner@2aa6311a]]>
              </value>
            </param>
          </params>
          <reporter-output>
          </reporter-output>
        </test-method> <!-- setUpClass -->
        <test-method is-config="true" signature="tearDownClass()[pri:0, instance:com.qa.testRunners.MyTestNGFailedReRunner@b83a9be]" started-at="2023-05-05T14:41:27 MYT" name="tearDownClass" finished-at="2023-05-05T14:41:30 MYT" duration-ms="2531" status="PASS">
          <reporter-output>
          </reporter-output>
        </test-method> <!-- tearDownClass -->
      </class> <!-- com.qa.testRunners.MyTestNGFailedReRunner -->
    </test> <!-- Default test -->
  </suite> <!-- Default suite -->
</testng-results>
